[  115303ms] [ERROR] Failed to load resource: net::ERR_ALPN_NEGOTIATION_FAILED @ http://localhost:5000/preview:0
[  115303ms] [ERROR] Preview error: TypeError: Failed to fetch
    at requestPreview (http://localhost:5000/static/editor.js:270:9)
    at HTMLDivElement.<anonymous> (http://localhost:5000/static/editor.js:141:21) @ http://localhost:5000/static/editor.js:279
[  115733ms] [ERROR] Failed to load resource: net::ERR_ALPN_NEGOTIATION_FAILED @ http://localhost:5000/preview:0
[  115733ms] [ERROR] Preview error: TypeError: Failed to fetch
    at requestPreview (http://localhost:5000/static/editor.js:270:9)
    at HTMLDivElement.<anonymous> (http://localhost:5000/static/editor.js:141:21) @ http://localhost:5000/static/editor.js:279
[  116305ms] [ERROR] Failed to load resource: net::ERR_ALPN_NEGOTIATION_FAILED @ http://localhost:5000/preview:0
[  116305ms] [ERROR] Preview error: TypeError: Failed to fetch
    at requestPreview (http://localhost:5000/static/editor.js:270:9)
    at HTMLDivElement.<anonymous> (http://localhost:5000/static/editor.js:141:21) @ http://localhost:5000/static/editor.js:279
[  116680ms] [ERROR] Failed to load resource: net::ERR_ALPN_NEGOTIATION_FAILED @ http://localhost:5000/preview:0
[  116680ms] [ERROR] Preview error: TypeError: Failed to fetch
    at requestPreview (http://localhost:5000/static/editor.js:270:9)
    at HTMLDivElement.<anonymous> (http://localhost:5000/static/editor.js:141:21) @ http://localhost:5000/static/editor.js:279
[  117047ms] [ERROR] Failed to load resource: net::ERR_ALPN_NEGOTIATION_FAILED @ http://localhost:5000/preview:0
[  117047ms] [ERROR] Preview error: TypeError: Failed to fetch
    at requestPreview (http://localhost:5000/static/editor.js:270:9)
    at HTMLDivElement.<anonymous> (http://localhost:5000/static/editor.js:141:21) @ http://localhost:5000/static/editor.js:279
[  120905ms] [ERROR] Failed to load resource: net::ERR_ALPN_NEGOTIATION_FAILED @ http://localhost:5000/preview:0
[  120905ms] [ERROR] Preview error: TypeError: Failed to fetch
    at requestPreview (http://localhost:5000/static/editor.js:270:9)
    at HTMLButtonElement.<anonymous> (http://localhost:5000/static/editor.js:404:30) @ http://localhost:5000/static/editor.js:279
[  122380ms] [ERROR] Failed to load resource: net::ERR_ALPN_NEGOTIATION_FAILED @ http://localhost:5000/preview:0
[  122380ms] [ERROR] Preview error: TypeError: Failed to fetch
    at requestPreview (http://localhost:5000/static/editor.js:270:9)
    at HTMLButtonElement.<anonymous> (http://localhost:5000/static/editor.js:404:30) @ http://localhost:5000/static/editor.js:279
